[2026-06-08 12:06:36.488] [3788] [HailoRT] [info] [vdevice.cpp:535] [create] Creating vdevice with params: device_count: 1, scheduling_algorithm: ROUND_ROBIN, multi_process_service: false
[2026-06-08 12:06:36.507] [3788] [HailoRT] [info] [device.cpp:51] [Device] OS Version: Linux 6.12.62+rpt-rpi-2712 #1 SMP PREEMPT Debian 1:6.12.62-1+rpt1 (2025-12-18) aarch64
[2026-06-08 12:06:36.508] [3788] [HailoRT] [info] [control.cpp:113] [control__parse_identify_results] firmware_version is: 4.23.0
[2026-06-08 12:06:36.510] [3788] [HailoRT] [info] [vdevice.cpp:682] [create] VDevice Infos: 0001:01:00.0
[2026-06-08 12:06:36.537] [3788] [HailoRT] [info] [hef.cpp:1994] [get_network_group_and_network_name] No name was given. Addressing all networks of default network_group: yolov8s
[2026-06-08 12:06:36.537] [3788] [HailoRT] [info] [hef.cpp:1994] [get_network_group_and_network_name] No name was given. Addressing all networks of default network_group: yolov8s
[2026-06-08 12:06:36.549] [3788] [HailoRT] [info] [internal_buffer_manager.cpp:77] [print_execution_results] Planned internal buffer memory: CMA=0 CMA-Desc=393216 Pinned=2051072. memory to edge layer usage factor is 1
[2026-06-08 12:06:36.549] [3788] [HailoRT] [info] [internal_buffer_manager.cpp:86] [print_execution_results] Default Internal buffer planner executed successfully
[2026-06-08 12:06:36.574] [3788] [HailoRT] [info] [device_internal.cpp:57] [configure] Configuring HEF took 36.382629 milliseconds
[2026-06-08 12:06:36.574] [3788] [HailoRT] [info] [vdevice.cpp:780] [configure] Configuring HEF on VDevice took 37.154262 milliseconds
[2026-06-08 12:06:36.574] [3788] [HailoRT] [info] [infer_model.cpp:417] [configure] Configuring network group 'yolov8s' with params: batch size: 0, power mode: PERFORMANCE, latency: NONE
[2026-06-08 12:06:36.576] [3788] [HailoRT] [info] [multi_io_elements.cpp:754] [create] Created (AsyncHwEl)
[2026-06-08 12:06:36.577] [3788] [HailoRT] [info] [queue_elements.cpp:450] [create] Created (EntryPushQEl0yolov8s/input_layer1 | timeout: 10s)
[2026-06-08 12:06:36.577] [3788] [HailoRT] [info] [filter_elements.cpp:101] [create] Created (PreInferEl1yolov8s/input_layer1 | Reorder - src_order: NHWC, src_shape: (640, 640, 3), dst_order: NHCW, dst_shape: (640, 640, 3))
[2026-06-08 12:06:36.578] [3788] [HailoRT] [info] [queue_elements.cpp:450] [create] Created (PushQEl1yolov8s/input_layer1 | timeout: 10s)
[2026-06-08 12:06:36.578] [3788] [HailoRT] [info] [multi_io_elements.cpp:135] [create] Created (NmsPPMuxEl0YOLOV8-Post-Process | Op YOLOV8, Name: YOLOV8-Post-Process, Score threshold: 0.200, IoU threshold: 0.70, Classes: 1, Max bboxes per class: 100, Image height: 640, Image width: 640)
[2026-06-08 12:06:36.579] [3788] [HailoRT] [info] [queue_elements.cpp:942] [create] Created (MultiPushQEl0YOLOV8-Post-Process | timeout: 10s)
[2026-06-08 12:06:36.579] [3788] [HailoRT] [info] [edge_elements.cpp:187] [create] Created (LastAsyncEl0NmsPPMuxEl0YOLOV8-Post-Process)
[2026-06-08 12:06:36.579] [3788] [HailoRT] [info] [pipeline.cpp:891] [print_deep_description] EntryPushQEl0yolov8s/input_layer1 | inputs: user | outputs: PreInferEl1yolov8s/input_layer1(running in thread_id: 3813)
[2026-06-08 12:06:36.580] [3788] [HailoRT] [info] [pipeline.cpp:891] [print_deep_description] PreInferEl1yolov8s/input_layer1 | inputs: EntryPushQEl0yolov8s/input_layer1[0] | outputs: PushQEl1yolov8s/input_layer1
[2026-06-08 12:06:36.580] [3788] [HailoRT] [info] [pipeline.cpp:891] [print_deep_description] PushQEl1yolov8s/input_layer1 | inputs: PreInferEl1yolov8s/input_layer1[0] | outputs: AsyncHwEl(running in thread_id: 3814)
[2026-06-08 12:06:36.580] [3788] [HailoRT] [info] [pipeline.cpp:891] [print_deep_description] AsyncHwEl | inputs: PushQEl1yolov8s/input_layer1[0] | outputs: MultiPushQEl0YOLOV8-Post-Process MultiPushQEl0YOLOV8-Post-Process MultiPushQEl0YOLOV8-Post-Process MultiPushQEl0YOLOV8-Post-Process MultiPushQEl0YOLOV8-Post-Process MultiPushQEl0YOLOV8-Post-Process
[2026-06-08 12:06:36.581] [3788] [HailoRT] [info] [pipeline.cpp:891] [print_deep_description] MultiPushQEl0YOLOV8-Post-Process | inputs: AsyncHwEl[0] AsyncHwEl[1] AsyncHwEl[2] AsyncHwEl[3] AsyncHwEl[4] AsyncHwEl[5] | outputs: NmsPPMuxEl0YOLOV8-Post-Process(running in thread_id: 3815)
[2026-06-08 12:06:36.581] [3788] [HailoRT] [info] [pipeline.cpp:891] [print_deep_description] NmsPPMuxEl0YOLOV8-Post-Process | inputs: MultiPushQEl0YOLOV8-Post-Process[0] | outputs: LastAsyncEl0NmsPPMuxEl0YOLOV8-Post-Process
[2026-06-08 12:06:36.581] [3788] [HailoRT] [info] [pipeline.cpp:891] [print_deep_description] LastAsyncEl0NmsPPMuxEl0YOLOV8-Post-Process | inputs: NmsPPMuxEl0YOLOV8-Post-Process[0] | outputs: user
[2026-06-08 12:06:54.475] [3896] [HailoRT] [info] [vdevice.cpp:535] [create] Creating vdevice with params: device_count: 1, scheduling_algorithm: ROUND_ROBIN, multi_process_service: false
[2026-06-08 12:06:54.488] [3896] [HailoRT] [info] [device.cpp:51] [Device] OS Version: Linux 6.12.62+rpt-rpi-2712 #1 SMP PREEMPT Debian 1:6.12.62-1+rpt1 (2025-12-18) aarch64
[2026-06-08 12:06:54.488] [3896] [HailoRT] [info] [control.cpp:113] [control__parse_identify_results] firmware_version is: 4.23.0
[2026-06-08 12:06:54.488] [3896] [HailoRT] [info] [vdevice.cpp:682] [create] VDevice Infos: 0001:01:00.0
[2026-06-08 12:06:54.752] [3896] [HailoRT] [info] [hef.cpp:1994] [get_network_group_and_network_name] No name was given. Addressing all networks of default network_group: yolov8s
[2026-06-08 12:06:54.752] [3896] [HailoRT] [info] [hef.cpp:1994] [get_network_group_and_network_name] No name was given. Addressing all networks of default network_group: yolov8s
[2026-06-08 12:06:54.759] [3896] [HailoRT] [info] [internal_buffer_manager.cpp:77] [print_execution_results] Planned internal buffer memory: CMA=0 CMA-Desc=393216 Pinned=2051072. memory to edge layer usage factor is 1
[2026-06-08 12:06:54.759] [3896] [HailoRT] [info] [internal_buffer_manager.cpp:86] [print_execution_results] Default Internal buffer planner executed successfully
[2026-06-08 12:06:54.788] [3896] [HailoRT] [info] [device_internal.cpp:57] [configure] Configuring HEF took 35.501805 milliseconds
[2026-06-08 12:06:54.788] [3896] [HailoRT] [info] [vdevice.cpp:780] [configure] Configuring HEF on VDevice took 35.855159 milliseconds
[2026-06-08 12:06:54.788] [3896] [HailoRT] [info] [infer_model.cpp:417] [configure] Configuring network group 'yolov8s' with params: batch size: 0, power mode: PERFORMANCE, latency: NONE
[2026-06-08 12:06:54.788] [3896] [HailoRT] [info] [multi_io_elements.cpp:754] [create] Created (AsyncHwEl)
[2026-06-08 12:06:54.788] [3896] [HailoRT] [info] [queue_elements.cpp:450] [create] Created (EntryPushQEl0yolov8s/input_layer1 | timeout: 10s)
[2026-06-08 12:06:54.788] [3896] [HailoRT] [info] [filter_elements.cpp:101] [create] Created (PreInferEl1yolov8s/input_layer1 | Reorder - src_order: NHWC, src_shape: (640, 640, 3), dst_order: NHCW, dst_shape: (640, 640, 3))
[2026-06-08 12:06:54.789] [3896] [HailoRT] [info] [queue_elements.cpp:450] [create] Created (PushQEl1yolov8s/input_layer1 | timeout: 10s)
[2026-06-08 12:06:54.789] [3896] [HailoRT] [info] [multi_io_elements.cpp:135] [create] Created (NmsPPMuxEl0YOLOV8-Post-Process | Op YOLOV8, Name: YOLOV8-Post-Process, Score threshold: 0.200, IoU threshold: 0.70, Classes: 1, Max bboxes per class: 100, Image height: 640, Image width: 640)
[2026-06-08 12:06:54.789] [3896] [HailoRT] [info] [queue_elements.cpp:942] [create] Created (MultiPushQEl0YOLOV8-Post-Process | timeout: 10s)
[2026-06-08 12:06:54.789] [3896] [HailoRT] [info] [edge_elements.cpp:187] [create] Created (LastAsyncEl0NmsPPMuxEl0YOLOV8-Post-Process)
[2026-06-08 12:06:54.789] [3896] [HailoRT] [info] [pipeline.cpp:891] [print_deep_description] EntryPushQEl0yolov8s/input_layer1 | inputs: user | outputs: PreInferEl1yolov8s/input_layer1(running in thread_id: 3916)
[2026-06-08 12:06:54.789] [3896] [HailoRT] [info] [pipeline.cpp:891] [print_deep_description] PreInferEl1yolov8s/input_layer1 | inputs: EntryPushQEl0yolov8s/input_layer1[0] | outputs: PushQEl1yolov8s/input_layer1
[2026-06-08 12:06:54.789] [3896] [HailoRT] [info] [pipeline.cpp:891] [print_deep_description] PushQEl1yolov8s/input_layer1 | inputs: PreInferEl1yolov8s/input_layer1[0] | outputs: AsyncHwEl(running in thread_id: 3917)
[2026-06-08 12:06:54.789] [3896] [HailoRT] [info] [pipeline.cpp:891] [print_deep_description] AsyncHwEl | inputs: PushQEl1yolov8s/input_layer1[0] | outputs: MultiPushQEl0YOLOV8-Post-Process MultiPushQEl0YOLOV8-Post-Process MultiPushQEl0YOLOV8-Post-Process MultiPushQEl0YOLOV8-Post-Process MultiPushQEl0YOLOV8-Post-Process MultiPushQEl0YOLOV8-Post-Process
[2026-06-08 12:06:54.789] [3896] [HailoRT] [info] [pipeline.cpp:891] [print_deep_description] MultiPushQEl0YOLOV8-Post-Process | inputs: AsyncHwEl[0] AsyncHwEl[1] AsyncHwEl[2] AsyncHwEl[3] AsyncHwEl[4] AsyncHwEl[5] | outputs: NmsPPMuxEl0YOLOV8-Post-Process(running in thread_id: 3918)
[2026-06-08 12:06:54.789] [3896] [HailoRT] [info] [pipeline.cpp:891] [print_deep_description] NmsPPMuxEl0YOLOV8-Post-Process | inputs: MultiPushQEl0YOLOV8-Post-Process[0] | outputs: LastAsyncEl0NmsPPMuxEl0YOLOV8-Post-Process
[2026-06-08 12:06:54.789] [3896] [HailoRT] [info] [pipeline.cpp:891] [print_deep_description] LastAsyncEl0NmsPPMuxEl0YOLOV8-Post-Process | inputs: NmsPPMuxEl0YOLOV8-Post-Process[0] | outputs: user
[2026-06-08 12:07:45.188] [4030] [HailoRT] [info] [vdevice.cpp:535] [create] Creating vdevice with params: device_count: 1, scheduling_algorithm: ROUND_ROBIN, multi_process_service: false
[2026-06-08 12:07:45.200] [4030] [HailoRT] [info] [device.cpp:51] [Device] OS Version: Linux 6.12.62+rpt-rpi-2712 #1 SMP PREEMPT Debian 1:6.12.62-1+rpt1 (2025-12-18) aarch64
[2026-06-08 12:07:45.201] [4030] [HailoRT] [info] [control.cpp:113] [control__parse_identify_results] firmware_version is: 4.23.0
[2026-06-08 12:07:45.201] [4030] [HailoRT] [info] [vdevice.cpp:682] [create] VDevice Infos: 0001:01:00.0
[2026-06-08 12:07:45.522] [4030] [HailoRT] [info] [hef.cpp:1994] [get_network_group_and_network_name] No name was given. Addressing all networks of default network_group: yolov8s
[2026-06-08 12:07:45.522] [4030] [HailoRT] [info] [hef.cpp:1994] [get_network_group_and_network_name] No name was given. Addressing all networks of default network_group: yolov8s
[2026-06-08 12:07:45.530] [4030] [HailoRT] [info] [internal_buffer_manager.cpp:77] [print_execution_results] Planned internal buffer memory: CMA=0 CMA-Desc=393216 Pinned=2051072. memory to edge layer usage factor is 1
[2026-06-08 12:07:45.530] [4030] [HailoRT] [info] [internal_buffer_manager.cpp:86] [print_execution_results] Default Internal buffer planner executed successfully
[2026-06-08 12:07:45.555] [4030] [HailoRT] [info] [device_internal.cpp:57] [configure] Configuring HEF took 33.220395 milliseconds
[2026-06-08 12:07:45.555] [4030] [HailoRT] [info] [vdevice.cpp:780] [configure] Configuring HEF on VDevice took 33.64873 milliseconds
[2026-06-08 12:07:45.555] [4030] [HailoRT] [info] [infer_model.cpp:417] [configure] Configuring network group 'yolov8s' with params: batch size: 0, power mode: PERFORMANCE, latency: NONE
[2026-06-08 12:07:45.555] [4030] [HailoRT] [info] [multi_io_elements.cpp:754] [create] Created (AsyncHwEl)
[2026-06-08 12:07:45.556] [4030] [HailoRT] [info] [queue_elements.cpp:450] [create] Created (EntryPushQEl0yolov8s/input_layer1 | timeout: 10s)
[2026-06-08 12:07:45.556] [4030] [HailoRT] [info] [filter_elements.cpp:101] [create] Created (PreInferEl1yolov8s/input_layer1 | Reorder - src_order: NHWC, src_shape: (640, 640, 3), dst_order: NHCW, dst_shape: (640, 640, 3))
[2026-06-08 12:07:45.556] [4030] [HailoRT] [info] [queue_elements.cpp:450] [create] Created (PushQEl1yolov8s/input_layer1 | timeout: 10s)
[2026-06-08 12:07:45.556] [4030] [HailoRT] [info] [multi_io_elements.cpp:135] [create] Created (NmsPPMuxEl0YOLOV8-Post-Process | Op YOLOV8, Name: YOLOV8-Post-Process, Score threshold: 0.200, IoU threshold: 0.70, Classes: 1, Max bboxes per class: 100, Image height: 640, Image width: 640)
[2026-06-08 12:07:45.556] [4030] [HailoRT] [info] [queue_elements.cpp:942] [create] Created (MultiPushQEl0YOLOV8-Post-Process | timeout: 10s)
[2026-06-08 12:07:45.556] [4030] [HailoRT] [info] [edge_elements.cpp:187] [create] Created (LastAsyncEl0NmsPPMuxEl0YOLOV8-Post-Process)
[2026-06-08 12:07:45.556] [4030] [HailoRT] [info] [pipeline.cpp:891] [print_deep_description] EntryPushQEl0yolov8s/input_layer1 | inputs: user | outputs: PreInferEl1yolov8s/input_layer1(running in thread_id: 4049)
[2026-06-08 12:07:45.556] [4030] [HailoRT] [info] [pipeline.cpp:891] [print_deep_description] PreInferEl1yolov8s/input_layer1 | inputs: EntryPushQEl0yolov8s/input_layer1[0] | outputs: PushQEl1yolov8s/input_layer1
[2026-06-08 12:07:45.556] [4030] [HailoRT] [info] [pipeline.cpp:891] [print_deep_description] PushQEl1yolov8s/input_layer1 | inputs: PreInferEl1yolov8s/input_layer1[0] | outputs: AsyncHwEl(running in thread_id: 4050)
[2026-06-08 12:07:45.556] [4030] [HailoRT] [info] [pipeline.cpp:891] [print_deep_description] AsyncHwEl | inputs: PushQEl1yolov8s/input_layer1[0] | outputs: MultiPushQEl0YOLOV8-Post-Process MultiPushQEl0YOLOV8-Post-Process MultiPushQEl0YOLOV8-Post-Process MultiPushQEl0YOLOV8-Post-Process MultiPushQEl0YOLOV8-Post-Process MultiPushQEl0YOLOV8-Post-Process
[2026-06-08 12:07:45.557] [4030] [HailoRT] [info] [pipeline.cpp:891] [print_deep_description] MultiPushQEl0YOLOV8-Post-Process | inputs: AsyncHwEl[0] AsyncHwEl[1] AsyncHwEl[2] AsyncHwEl[3] AsyncHwEl[4] AsyncHwEl[5] | outputs: NmsPPMuxEl0YOLOV8-Post-Process(running in thread_id: 4051)
[2026-06-08 12:07:45.557] [4030] [HailoRT] [info] [pipeline.cpp:891] [print_deep_description] NmsPPMuxEl0YOLOV8-Post-Process | inputs: MultiPushQEl0YOLOV8-Post-Process[0] | outputs: LastAsyncEl0NmsPPMuxEl0YOLOV8-Post-Process
[2026-06-08 12:07:45.557] [4030] [HailoRT] [info] [pipeline.cpp:891] [print_deep_description] LastAsyncEl0NmsPPMuxEl0YOLOV8-Post-Process | inputs: NmsPPMuxEl0YOLOV8-Post-Process[0] | outputs: user
[2026-06-08 12:09:17.724] [4300] [HailoRT] [info] [vdevice.cpp:535] [create] Creating vdevice with params: device_count: 1, scheduling_algorithm: ROUND_ROBIN, multi_process_service: false
[2026-06-08 12:09:17.741] [4300] [HailoRT] [info] [device.cpp:51] [Device] OS Version: Linux 6.12.62+rpt-rpi-2712 #1 SMP PREEMPT Debian 1:6.12.62-1+rpt1 (2025-12-18) aarch64
[2026-06-08 12:09:17.744] [4300] [HailoRT] [info] [control.cpp:113] [control__parse_identify_results] firmware_version is: 4.23.0
[2026-06-08 12:09:17.745] [4300] [HailoRT] [info] [vdevice.cpp:682] [create] VDevice Infos: 0001:01:00.0
[2026-06-08 12:09:17.981] [4300] [HailoRT] [info] [hef.cpp:1994] [get_network_group_and_network_name] No name was given. Addressing all networks of default network_group: yolov8s
[2026-06-08 12:09:17.981] [4300] [HailoRT] [info] [hef.cpp:1994] [get_network_group_and_network_name] No name was given. Addressing all networks of default network_group: yolov8s
[2026-06-08 12:09:17.992] [4300] [HailoRT] [info] [internal_buffer_manager.cpp:77] [print_execution_results] Planned internal buffer memory: CMA=0 CMA-Desc=393216 Pinned=2051072. memory to edge layer usage factor is 1
[2026-06-08 12:09:17.992] [4300] [HailoRT] [info] [internal_buffer_manager.cpp:86] [print_execution_results] Default Internal buffer planner executed successfully
[2026-06-08 12:09:18.018] [4300] [HailoRT] [info] [device_internal.cpp:57] [configure] Configuring HEF took 37.310295 milliseconds
[2026-06-08 12:09:18.019] [4300] [HailoRT] [info] [vdevice.cpp:780] [configure] Configuring HEF on VDevice took 38.47078 milliseconds
[2026-06-08 12:09:18.019] [4300] [HailoRT] [info] [infer_model.cpp:417] [configure] Configuring network group 'yolov8s' with params: batch size: 0, power mode: PERFORMANCE, latency: NONE
[2026-06-08 12:09:18.022] [4300] [HailoRT] [info] [multi_io_elements.cpp:754] [create] Created (AsyncHwEl)
[2026-06-08 12:09:18.023] [4300] [HailoRT] [info] [queue_elements.cpp:450] [create] Created (EntryPushQEl0yolov8s/input_layer1 | timeout: 10s)
[2026-06-08 12:09:18.023] [4300] [HailoRT] [info] [filter_elements.cpp:101] [create] Created (PreInferEl1yolov8s/input_layer1 | Reorder - src_order: NHWC, src_shape: (640, 640, 3), dst_order: NHCW, dst_shape: (640, 640, 3))
[2026-06-08 12:09:18.023] [4300] [HailoRT] [info] [queue_elements.cpp:450] [create] Created (PushQEl1yolov8s/input_layer1 | timeout: 10s)
[2026-06-08 12:09:18.024] [4300] [HailoRT] [info] [multi_io_elements.cpp:135] [create] Created (NmsPPMuxEl0YOLOV8-Post-Process | Op YOLOV8, Name: YOLOV8-Post-Process, Score threshold: 0.200, IoU threshold: 0.70, Classes: 1, Max bboxes per class: 100, Image height: 640, Image width: 640)
[2026-06-08 12:09:18.024] [4300] [HailoRT] [info] [queue_elements.cpp:942] [create] Created (MultiPushQEl0YOLOV8-Post-Process | timeout: 10s)
[2026-06-08 12:09:18.025] [4300] [HailoRT] [info] [edge_elements.cpp:187] [create] Created (LastAsyncEl0NmsPPMuxEl0YOLOV8-Post-Process)
[2026-06-08 12:09:18.025] [4300] [HailoRT] [info] [pipeline.cpp:891] [print_deep_description] EntryPushQEl0yolov8s/input_layer1 | inputs: user | outputs: PreInferEl1yolov8s/input_layer1(running in thread_id: 4320)
[2026-06-08 12:09:18.025] [4300] [HailoRT] [info] [pipeline.cpp:891] [print_deep_description] PreInferEl1yolov8s/input_layer1 | inputs: EntryPushQEl0yolov8s/input_layer1[0] | outputs: PushQEl1yolov8s/input_layer1
[2026-06-08 12:09:18.025] [4300] [HailoRT] [info] [pipeline.cpp:891] [print_deep_description] PushQEl1yolov8s/input_layer1 | inputs: PreInferEl1yolov8s/input_layer1[0] | outputs: AsyncHwEl(running in thread_id: 4321)
[2026-06-08 12:09:18.025] [4300] [HailoRT] [info] [pipeline.cpp:891] [print_deep_description] AsyncHwEl | inputs: PushQEl1yolov8s/input_layer1[0] | outputs: MultiPushQEl0YOLOV8-Post-Process MultiPushQEl0YOLOV8-Post-Process MultiPushQEl0YOLOV8-Post-Process MultiPushQEl0YOLOV8-Post-Process MultiPushQEl0YOLOV8-Post-Process MultiPushQEl0YOLOV8-Post-Process
[2026-06-08 12:09:18.025] [4300] [HailoRT] [info] [pipeline.cpp:891] [print_deep_description] MultiPushQEl0YOLOV8-Post-Process | inputs: AsyncHwEl[0] AsyncHwEl[1] AsyncHwEl[2] AsyncHwEl[3] AsyncHwEl[4] AsyncHwEl[5] | outputs: NmsPPMuxEl0YOLOV8-Post-Process(running in thread_id: 4322)
[2026-06-08 12:09:18.025] [4300] [HailoRT] [info] [pipeline.cpp:891] [print_deep_description] NmsPPMuxEl0YOLOV8-Post-Process | inputs: MultiPushQEl0YOLOV8-Post-Process[0] | outputs: LastAsyncEl0NmsPPMuxEl0YOLOV8-Post-Process
[2026-06-08 12:09:18.025] [4300] [HailoRT] [info] [pipeline.cpp:891] [print_deep_description] LastAsyncEl0NmsPPMuxEl0YOLOV8-Post-Process | inputs: NmsPPMuxEl0YOLOV8-Post-Process[0] | outputs: user
[2026-06-08 13:52:57.439] [2620] [HailoRT] [info] [vdevice.cpp:535] [create] Creating vdevice with params: device_count: 1, scheduling_algorithm: ROUND_ROBIN, multi_process_service: false
[2026-06-08 13:52:57.458] [2620] [HailoRT] [info] [device.cpp:51] [Device] OS Version: Linux 6.12.62+rpt-rpi-2712 #1 SMP PREEMPT Debian 1:6.12.62-1+rpt1 (2025-12-18) aarch64
[2026-06-08 13:52:57.460] [2620] [HailoRT] [info] [control.cpp:113] [control__parse_identify_results] firmware_version is: 4.23.0
[2026-06-08 13:52:57.462] [2620] [HailoRT] [info] [vdevice.cpp:682] [create] VDevice Infos: 0001:01:00.0
[2026-06-08 13:52:57.825] [2620] [HailoRT] [info] [hef.cpp:1994] [get_network_group_and_network_name] No name was given. Addressing all networks of default network_group: yolov8s
[2026-06-08 13:52:57.825] [2620] [HailoRT] [info] [hef.cpp:1994] [get_network_group_and_network_name] No name was given. Addressing all networks of default network_group: yolov8s
[2026-06-08 13:52:57.839] [2620] [HailoRT] [info] [internal_buffer_manager.cpp:77] [print_execution_results] Planned internal buffer memory: CMA=0 CMA-Desc=393216 Pinned=2051072. memory to edge layer usage factor is 1
[2026-06-08 13:52:57.839] [2620] [HailoRT] [info] [internal_buffer_manager.cpp:86] [print_execution_results] Default Internal buffer planner executed successfully
[2026-06-08 13:52:57.865] [2620] [HailoRT] [info] [device_internal.cpp:57] [configure] Configuring HEF took 37.544151 milliseconds
[2026-06-08 13:52:57.865] [2620] [HailoRT] [info] [vdevice.cpp:780] [configure] Configuring HEF on VDevice took 38.298445 milliseconds
[2026-06-08 13:52:57.865] [2620] [HailoRT] [info] [infer_model.cpp:417] [configure] Configuring network group 'yolov8s' with params: batch size: 0, power mode: PERFORMANCE, latency: NONE
[2026-06-08 13:52:57.869] [2620] [HailoRT] [info] [multi_io_elements.cpp:754] [create] Created (AsyncHwEl)
[2026-06-08 13:52:57.870] [2620] [HailoRT] [info] [queue_elements.cpp:450] [create] Created (EntryPushQEl0yolov8s/input_layer1 | timeout: 10s)
[2026-06-08 13:52:57.870] [2620] [HailoRT] [info] [filter_elements.cpp:101] [create] Created (PreInferEl1yolov8s/input_layer1 | Reorder - src_order: NHWC, src_shape: (640, 640, 3), dst_order: NHCW, dst_shape: (640, 640, 3))
[2026-06-08 13:52:57.870] [2620] [HailoRT] [info] [queue_elements.cpp:450] [create] Created (PushQEl1yolov8s/input_layer1 | timeout: 10s)
[2026-06-08 13:52:57.870] [2620] [HailoRT] [info] [multi_io_elements.cpp:135] [create] Created (NmsPPMuxEl0YOLOV8-Post-Process | Op YOLOV8, Name: YOLOV8-Post-Process, Score threshold: 0.200, IoU threshold: 0.70, Classes: 1, Max bboxes per class: 100, Image height: 640, Image width: 640)
[2026-06-08 13:52:57.870] [2620] [HailoRT] [info] [queue_elements.cpp:942] [create] Created (MultiPushQEl0YOLOV8-Post-Process | timeout: 10s)
[2026-06-08 13:52:57.870] [2620] [HailoRT] [info] [edge_elements.cpp:187] [create] Created (LastAsyncEl0NmsPPMuxEl0YOLOV8-Post-Process)
[2026-06-08 13:52:57.870] [2620] [HailoRT] [info] [pipeline.cpp:891] [print_deep_description] EntryPushQEl0yolov8s/input_layer1 | inputs: user | outputs: PreInferEl1yolov8s/input_layer1(running in thread_id: 2645)
[2026-06-08 13:52:57.871] [2620] [HailoRT] [info] [pipeline.cpp:891] [print_deep_description] PreInferEl1yolov8s/input_layer1 | inputs: EntryPushQEl0yolov8s/input_layer1[0] | outputs: PushQEl1yolov8s/input_layer1
[2026-06-08 13:52:57.871] [2620] [HailoRT] [info] [pipeline.cpp:891] [print_deep_description] PushQEl1yolov8s/input_layer1 | inputs: PreInferEl1yolov8s/input_layer1[0] | outputs: AsyncHwEl(running in thread_id: 2646)
[2026-06-08 13:52:57.871] [2620] [HailoRT] [info] [pipeline.cpp:891] [print_deep_description] AsyncHwEl | inputs: PushQEl1yolov8s/input_layer1[0] | outputs: MultiPushQEl0YOLOV8-Post-Process MultiPushQEl0YOLOV8-Post-Process MultiPushQEl0YOLOV8-Post-Process MultiPushQEl0YOLOV8-Post-Process MultiPushQEl0YOLOV8-Post-Process MultiPushQEl0YOLOV8-Post-Process
[2026-06-08 13:52:57.872] [2620] [HailoRT] [info] [pipeline.cpp:891] [print_deep_description] MultiPushQEl0YOLOV8-Post-Process | inputs: AsyncHwEl[0] AsyncHwEl[1] AsyncHwEl[2] AsyncHwEl[3] AsyncHwEl[4] AsyncHwEl[5] | outputs: NmsPPMuxEl0YOLOV8-Post-Process(running in thread_id: 2647)
[2026-06-08 13:52:57.872] [2620] [HailoRT] [info] [pipeline.cpp:891] [print_deep_description] NmsPPMuxEl0YOLOV8-Post-Process | inputs: MultiPushQEl0YOLOV8-Post-Process[0] | outputs: LastAsyncEl0NmsPPMuxEl0YOLOV8-Post-Process
[2026-06-08 13:52:57.872] [2620] [HailoRT] [info] [pipeline.cpp:891] [print_deep_description] LastAsyncEl0NmsPPMuxEl0YOLOV8-Post-Process | inputs: NmsPPMuxEl0YOLOV8-Post-Process[0] | outputs: user
[2026-06-08 13:55:58.690] [2803] [HailoRT] [info] [vdevice.cpp:535] [create] Creating vdevice with params: device_count: 1, scheduling_algorithm: ROUND_ROBIN, multi_process_service: false
[2026-06-08 13:55:58.702] [2803] [HailoRT] [info] [device.cpp:51] [Device] OS Version: Linux 6.12.62+rpt-rpi-2712 #1 SMP PREEMPT Debian 1:6.12.62-1+rpt1 (2025-12-18) aarch64
[2026-06-08 13:55:58.703] [2803] [HailoRT] [info] [control.cpp:113] [control__parse_identify_results] firmware_version is: 4.23.0
[2026-06-08 13:55:58.703] [2803] [HailoRT] [info] [vdevice.cpp:682] [create] VDevice Infos: 0001:01:00.0
[2026-06-08 13:55:59.103] [2803] [HailoRT] [info] [hef.cpp:1994] [get_network_group_and_network_name] No name was given. Addressing all networks of default network_group: yolov8s
[2026-06-08 13:55:59.103] [2803] [HailoRT] [info] [hef.cpp:1994] [get_network_group_and_network_name] No name was given. Addressing all networks of default network_group: yolov8s
[2026-06-08 13:55:59.109] [2803] [HailoRT] [info] [internal_buffer_manager.cpp:77] [print_execution_results] Planned internal buffer memory: CMA=0 CMA-Desc=393216 Pinned=2051072. memory to edge layer usage factor is 1
[2026-06-08 13:55:59.109] [2803] [HailoRT] [info] [internal_buffer_manager.cpp:86] [print_execution_results] Default Internal buffer planner executed successfully
[2026-06-08 13:55:59.133] [2803] [HailoRT] [info] [device_internal.cpp:57] [configure] Configuring HEF took 30.00577 milliseconds
[2026-06-08 13:55:59.133] [2803] [HailoRT] [info] [vdevice.cpp:780] [configure] Configuring HEF on VDevice took 30.35245 milliseconds
[2026-06-08 13:55:59.133] [2803] [HailoRT] [info] [infer_model.cpp:417] [configure] Configuring network group 'yolov8s' with params: batch size: 0, power mode: PERFORMANCE, latency: NONE
[2026-06-08 13:55:59.133] [2803] [HailoRT] [info] [multi_io_elements.cpp:754] [create] Created (AsyncHwEl)
[2026-06-08 13:55:59.133] [2803] [HailoRT] [info] [queue_elements.cpp:450] [create] Created (EntryPushQEl0yolov8s/input_layer1 | timeout: 10s)
[2026-06-08 13:55:59.133] [2803] [HailoRT] [info] [filter_elements.cpp:101] [create] Created (PreInferEl1yolov8s/input_layer1 | Reorder - src_order: NHWC, src_shape: (640, 640, 3), dst_order: NHCW, dst_shape: (640, 640, 3))
[2026-06-08 13:55:59.133] [2803] [HailoRT] [info] [queue_elements.cpp:450] [create] Created (PushQEl1yolov8s/input_layer1 | timeout: 10s)
[2026-06-08 13:55:59.134] [2803] [HailoRT] [info] [multi_io_elements.cpp:135] [create] Created (NmsPPMuxEl0YOLOV8-Post-Process | Op YOLOV8, Name: YOLOV8-Post-Process, Score threshold: 0.200, IoU threshold: 0.70, Classes: 1, Max bboxes per class: 100, Image height: 640, Image width: 640)
[2026-06-08 13:55:59.134] [2803] [HailoRT] [info] [queue_elements.cpp:942] [create] Created (MultiPushQEl0YOLOV8-Post-Process | timeout: 10s)
[2026-06-08 13:55:59.134] [2803] [HailoRT] [info] [edge_elements.cpp:187] [create] Created (LastAsyncEl0NmsPPMuxEl0YOLOV8-Post-Process)
[2026-06-08 13:55:59.134] [2803] [HailoRT] [info] [pipeline.cpp:891] [print_deep_description] EntryPushQEl0yolov8s/input_layer1 | inputs: user | outputs: PreInferEl1yolov8s/input_layer1(running in thread_id: 2822)
[2026-06-08 13:55:59.134] [2803] [HailoRT] [info] [pipeline.cpp:891] [print_deep_description] PreInferEl1yolov8s/input_layer1 | inputs: EntryPushQEl0yolov8s/input_layer1[0] | outputs: PushQEl1yolov8s/input_layer1
[2026-06-08 13:55:59.134] [2803] [HailoRT] [info] [pipeline.cpp:891] [print_deep_description] PushQEl1yolov8s/input_layer1 | inputs: PreInferEl1yolov8s/input_layer1[0] | outputs: AsyncHwEl(running in thread_id: 2823)
[2026-06-08 13:55:59.134] [2803] [HailoRT] [info] [pipeline.cpp:891] [print_deep_description] AsyncHwEl | inputs: PushQEl1yolov8s/input_layer1[0] | outputs: MultiPushQEl0YOLOV8-Post-Process MultiPushQEl0YOLOV8-Post-Process MultiPushQEl0YOLOV8-Post-Process MultiPushQEl0YOLOV8-Post-Process MultiPushQEl0YOLOV8-Post-Process MultiPushQEl0YOLOV8-Post-Process
[2026-06-08 13:55:59.137] [2803] [HailoRT] [info] [pipeline.cpp:891] [print_deep_description] MultiPushQEl0YOLOV8-Post-Process | inputs: AsyncHwEl[0] AsyncHwEl[1] AsyncHwEl[2] AsyncHwEl[3] AsyncHwEl[4] AsyncHwEl[5] | outputs: NmsPPMuxEl0YOLOV8-Post-Process(running in thread_id: 2824)
[2026-06-08 13:55:59.138] [2803] [HailoRT] [info] [pipeline.cpp:891] [print_deep_description] NmsPPMuxEl0YOLOV8-Post-Process | inputs: MultiPushQEl0YOLOV8-Post-Process[0] | outputs: LastAsyncEl0NmsPPMuxEl0YOLOV8-Post-Process
[2026-06-08 13:55:59.138] [2803] [HailoRT] [info] [pipeline.cpp:891] [print_deep_description] LastAsyncEl0NmsPPMuxEl0YOLOV8-Post-Process | inputs: NmsPPMuxEl0YOLOV8-Post-Process[0] | outputs: user
